# JRE version: Java(TM) SE Runtime Environment (13.0.2+8) (build 13.0.2+8)
# Java VM: Java HotSpot(TM) 64-Bit Server VM (13.0.2+8, mixed mode, sharing, tiered, compressed oops, g1 gc, windows-amd64)
Heap:
 garbage-first heap   total 60416K, used 28007K [0x0000000081600000, 0x0000000100000000)
  region size 1024K, 8 young (8192K), 2 survivors (2048K)
 Metaspace       used 50724K, capacity 52069K, committed 52300K, reserved 1093632K
  class space    used 6710K, capacity 7238K, committed 7244K, reserved 1048576K
GC Heap History (20 events):
Event: 7.447 GC heap before
{Heap before GC invocations=9 (full 0):
 garbage-first heap   total 40960K, used 26291K [0x0000000081600000, 0x0000000100000000)
  region size 1024K, 16 young (16384K), 2 survivors (2048K)
 Metaspace       used 26474K, capacity 27418K, committed 27648K, reserved 1073152K
  class space    used 3246K, capacity 3579K, committed 3584K, reserved 1048576K
}
Event: 7.456 GC heap after
{Heap after GC invocations=10 (full 0):
 garbage-first heap   total 50176K, used 13615K [0x0000000081600000, 0x0000000100000000)
  region size 1024K, 1 young (1024K), 1 survivors (1024K)
 Metaspace       used 26474K, capacity 27418K, committed 27648K, reserved 1073152K
  class space    used 3246K, capacity 3579K, committed 3584K, reserved 1048576K
}
Event: 7.472 GC heap before
{Heap before GC invocations=10 (full 0):
 garbage-first heap   total 50176K, used 32047K [0x0000000081600000, 0x0000000100000000)
  region size 1024K, 20 young (20480K), 1 survivors (1024K)
 Metaspace       used 26474K, capacity 27418K, committed 27648K, reserved 1073152K
  class space    used 3246K, capacity 3579K, committed 3584K, reserved 1048576K
}
Event: 7.476 GC heap after
{Heap after GC invocations=11 (full 0):
 garbage-first heap   total 50176K, used 13760K [0x0000000081600000, 0x0000000100000000)
  region size 1024K, 1 young (1024K), 1 survivors (1024K)
 Metaspace       used 26474K, capacity 27418K, committed 27648K, reserved 1073152K
  class space    used 3246K, capacity 3579K, committed 3584K, reserved 1048576K
}
Event: 7.799 GC heap before
{Heap before GC invocations=11 (full 0):
 garbage-first heap   total 50176K, used 33216K [0x0000000081600000, 0x0000000100000000)
  region size 1024K, 21 young (21504K), 1 survivors (1024K)
 Metaspace       used 27334K, capacity 28267K, committed 28416K, reserved 1073152K
  class space    used 3351K, capacity 3713K, committed 3840K, reserved 1048576K
}
Event: 7.801 GC heap after
{Heap after GC invocations=12 (full 0):
 garbage-first heap   total 50176K, used 13881K [0x0000000081600000, 0x0000000100000000)
  region size 1024K, 2 young (2048K), 2 survivors (2048K)
 Metaspace       used 27334K, capacity 28267K, committed 28416K, reserved 1073152K
  class space    used 3351K, capacity 3713K, committed 3840K, reserved 1048576K
}
Event: 8.441 GC heap before
{Heap before GC invocations=12 (full 0):
 garbage-first heap   total 50176K, used 33337K [0x0000000081600000, 0x0000000100000000)
  region size 1024K, 22 young (22528K), 2 survivors (2048K)
 Metaspace       used 29974K, capacity 31007K, committed 31232K, reserved 1077248K
  class space    used 3686K, capacity 4091K, committed 4096K, reserved 1048576K
}
Event: 8.447 GC heap after
{Heap after GC invocations=13 (full 0):
 garbage-first heap   total 50176K, used 15108K [0x0000000081600000, 0x0000000100000000)
  region size 1024K, 3 young (3072K), 3 survivors (3072K)
 Metaspace       used 29974K, capacity 31007K, committed 31232K, reserved 1077248K
  class space    used 3686K, capacity 4091K, committed 4096K, reserved 1048576K
}
Event: 8.824 GC heap before
{Heap before GC invocations=13 (full 0):
 garbage-first heap   total 50176K, used 35588K [0x0000000081600000, 0x0000000100000000)
  region size 1024K, 23 young (23552K), 3 survivors (3072K)
 Metaspace       used 32684K, capacity 33727K, committed 33920K, reserved 1079296K
  class space    used 4074K, capacity 4462K, committed 4480K, reserved 1048576K
}
Event: 8.830 GC heap after
{Heap after GC invocations=14 (full 0):
 garbage-first heap   total 50176K, used 16069K [0x0000000081600000, 0x0000000100000000)
  region size 1024K, 3 young (3072K), 3 survivors (3072K)
 Metaspace       used 32684K, capacity 33727K, committed 33920K, reserved 1079296K
  class space    used 4074K, capacity 4462K, committed 4480K, reserved 1048576K
}
Event: 9.146 GC heap before
{Heap before GC invocations=14 (full 0):
 garbage-first heap   total 50176K, used 28357K [0x0000000081600000, 0x0000000100000000)
  region size 1024K, 17 young (17408K), 3 survivors (3072K)
 Metaspace       used 34623K, capacity 35755K, committed 35840K, reserved 1081344K
  class space    used 4393K, capacity 4836K, committed 4864K, reserved 1048576K
}
Event: 9.152 GC heap after
{Heap after GC invocations=15 (full 0):
 garbage-first heap   total 50176K, used 16798K [0x0000000081600000, 0x0000000100000000)
  region size 1024K, 2 young (2048K), 2 survivors (2048K)
 Metaspace       used 34623K, capacity 35755K, committed 35840K, reserved 1081344K
  class space    used 4393K, capacity 4836K, committed 4864K, reserved 1048576K
}
Event: 9.711 GC heap before
{Heap before GC invocations=16 (full 0):
 garbage-first heap   total 50176K, used 35230K [0x0000000081600000, 0x0000000100000000)
  region size 1024K, 21 young (21504K), 2 survivors (2048K)
 Metaspace       used 38220K, capacity 39349K, committed 39500K, reserved 1083392K
  class space    used 4906K, capacity 5348K, committed 5452K, reserved 1048576K
}
Event: 9.718 GC heap after
{Heap after GC invocations=17 (full 0):
 garbage-first heap   total 50176K, used 18270K [0x0000000081600000, 0x0000000100000000)
  region size 1024K, 3 young (3072K), 3 survivors (3072K)
 Metaspace       used 38220K, capacity 39349K, committed 39500K, reserved 1083392K
  class space    used 4906K, capacity 5348K, committed 5452K, reserved 1048576K
}
Event: 10.446 GC heap before
{Heap before GC invocations=17 (full 0):
 garbage-first heap   total 50176K, used 36702K [0x0000000081600000, 0x0000000100000000)
  region size 1024K, 21 young (21504K), 3 survivors (3072K)
 Metaspace       used 42074K, capacity 43311K, committed 43596K, reserved 1087488K
  class space    used 5441K, capacity 5900K, committed 5964K, reserved 1048576K
}
Event: 10.454 GC heap after
{Heap after GC invocations=18 (full 0):
 garbage-first heap   total 60416K, used 20599K [0x0000000081600000, 0x0000000100000000)
  region size 1024K, 3 young (3072K), 3 survivors (3072K)
 Metaspace       used 42074K, capacity 43311K, committed 43596K, reserved 1087488K
  class space    used 5441K, capacity 5900K, committed 5964K, reserved 1048576K
}
Event: 11.477 GC heap before
{Heap before GC invocations=18 (full 0):
 garbage-first heap   total 60416K, used 42103K [0x0000000081600000, 0x0000000100000000)
  region size 1024K, 25 young (25600K), 3 survivors (3072K)
 Metaspace       used 46818K, capacity 47964K, committed 48204K, reserved 1091584K
  class space    used 6208K, capacity 6659K, committed 6732K, reserved 1048576K
}
Event: 11.483 GC heap after
{Heap after GC invocations=19 (full 0):
 garbage-first heap   total 60416K, used 21857K [0x0000000081600000, 0x0000000100000000)
  region size 1024K, 3 young (3072K), 3 survivors (3072K)
 Metaspace       used 46818K, capacity 47964K, committed 48204K, reserved 1091584K
  class space    used 6208K, capacity 6659K, committed 6732K, reserved 1048576K
}
Event: 13.540 GC heap before
{Heap before GC invocations=19 (full 0):
 garbage-first heap   total 60416K, used 44385K [0x0000000081600000, 0x0000000100000000)
  region size 1024K, 25 young (25600K), 3 survivors (3072K)
 Metaspace       used 50234K, capacity 51594K, committed 51788K, reserved 1093632K
  class space    used 6660K, capacity 7187K, committed 7244K, reserved 1048576K
}
Event: 13.548 GC heap after
{Heap after GC invocations=20 (full 0):
 garbage-first heap   total 60416K, used 22887K [0x0000000081600000, 0x0000000100000000)
  region size 1024K, 2 young (2048K), 2 survivors (2048K)
 Metaspace       used 50234K, capacity 51594K, committed 51788K, reserved 1093632K
  class space    used 6660K, capacity 7187K, committed 7244K, reserved 1048576K
}

