# JRE version: Java(TM) SE Runtime Environment (13.0.2+8) (build 13.0.2+8)
# Java VM: Java HotSpot(TM) 64-Bit Server VM (13.0.2+8, mixed mode, sharing, tiered, compressed oops, parallel gc, windows-amd64)
Heap:
 PSYoungGen      total 16896K, used 7759K [0x00000000eab00000, 0x00000000ebd80000, 0x0000000100000000)
  eden space 15360K, 41% used [0x00000000eab00000,0x00000000eb13d990,0x00000000eba00000)
  from space 1536K, 89% used [0x00000000ebc00000,0x00000000ebd56410,0x00000000ebd80000)
  to   space 1536K, 0% used [0x00000000eba80000,0x00000000eba80000,0x00000000ebc00000)
 ParOldGen       total 68608K, used 58157K [0x00000000c0000000, 0x00000000c4300000, 0x00000000eab00000)
  object space 68608K, 84% used [0x00000000c0000000,0x00000000c38cb440,0x00000000c4300000)
 Metaspace       used 55801K, capacity 58637K, committed 58840K, reserved 1101824K
  class space    used 5768K, capacity 6753K, committed 6872K, reserved 1048576K
GC Heap History (20 events):
Event: 65.849 GC heap before
{Heap before GC invocations=37 (full 2):
 PSYoungGen      total 16384K, used 16096K [0x00000000eab00000, 0x00000000ebd00000, 0x0000000100000000)
  eden space 15360K, 100% used [0x00000000eab00000,0x00000000eba00000,0x00000000eba00000)
  from space 1024K, 71% used [0x00000000ebc00000,0x00000000ebcb8000,0x00000000ebd00000)
  to   space 1024K, 0% used [0x00000000ebb00000,0x00000000ebb00000,0x00000000ebc00000)
 ParOldGen       total 68608K, used 50072K [0x00000000c0000000, 0x00000000c4300000, 0x00000000eab00000)
  object space 68608K, 72% used [0x00000000c0000000,0x00000000c30e6318,0x00000000c4300000)
 Metaspace       used 53197K, capacity 55965K, committed 56024K, reserved 1099776K
  class space    used 5573K, capacity 6568K, committed 6616K, reserved 1048576K
}
Event: 65.853 GC heap after
{Heap after GC invocations=37 (full 2):
 PSYoungGen      total 16384K, used 1024K [0x00000000eab00000, 0x00000000ebe00000, 0x0000000100000000)
  eden space 15360K, 0% used [0x00000000eab00000,0x00000000eab00000,0x00000000eba00000)
  from space 1024K, 100% used [0x00000000ebb00000,0x00000000ebc00000,0x00000000ebc00000)
  to   space 2048K, 0% used [0x00000000ebc00000,0x00000000ebc00000,0x00000000ebe00000)
 ParOldGen       total 68608K, used 50816K [0x00000000c0000000, 0x00000000c4300000, 0x00000000eab00000)
  object space 68608K, 74% used [0x00000000c0000000,0x00000000c31a0318,0x00000000c4300000)
 Metaspace       used 53197K, capacity 55965K, committed 56024K, reserved 1099776K
  class space    used 5573K, capacity 6568K, committed 6616K, reserved 1048576K
}
Event: 66.806 GC heap before
{Heap before GC invocations=38 (full 2):
 PSYoungGen      total 16384K, used 16384K [0x00000000eab00000, 0x00000000ebe00000, 0x0000000100000000)
  eden space 15360K, 100% used [0x00000000eab00000,0x00000000eba00000,0x00000000eba00000)
  from space 1024K, 100% used [0x00000000ebb00000,0x00000000ebc00000,0x00000000ebc00000)
  to   space 2048K, 0% used [0x00000000ebc00000,0x00000000ebc00000,0x00000000ebe00000)
 ParOldGen       total 68608K, used 50816K [0x00000000c0000000, 0x00000000c4300000, 0x00000000eab00000)
  object space 68608K, 74% used [0x00000000c0000000,0x00000000c31a0318,0x00000000c4300000)
 Metaspace       used 53467K, capacity 56249K, committed 56536K, reserved 1099776K
  class space    used 5591K, capacity 6577K, committed 6616K, reserved 1048576K
}
Event: 66.811 GC heap after
{Heap after GC invocations=38 (full 2):
 PSYoungGen      total 16384K, used 1016K [0x00000000eab00000, 0x00000000ebd00000, 0x0000000100000000)
  eden space 15360K, 0% used [0x00000000eab00000,0x00000000eab00000,0x00000000eba00000)
  from space 1024K, 99% used [0x00000000ebc00000,0x00000000ebcfe008,0x00000000ebd00000)
  to   space 1536K, 0% used [0x00000000eba00000,0x00000000eba00000,0x00000000ebb80000)
 ParOldGen       total 68608K, used 51745K [0x00000000c0000000, 0x00000000c4300000, 0x00000000eab00000)
  object space 68608K, 75% used [0x00000000c0000000,0x00000000c32886e8,0x00000000c4300000)
 Metaspace       used 53467K, capacity 56249K, committed 56536K, reserved 1099776K
  class space    used 5591K, capacity 6577K, committed 6616K, reserved 1048576K
}
Event: 67.269 GC heap before
{Heap before GC invocations=39 (full 2):
 PSYoungGen      total 16384K, used 16376K [0x00000000eab00000, 0x00000000ebd00000, 0x0000000100000000)
  eden space 15360K, 100% used [0x00000000eab00000,0x00000000eba00000,0x00000000eba00000)
  from space 1024K, 99% used [0x00000000ebc00000,0x00000000ebcfe008,0x00000000ebd00000)
  to   space 1536K, 0% used [0x00000000eba00000,0x00000000eba00000,0x00000000ebb80000)
 ParOldGen       total 68608K, used 51745K [0x00000000c0000000, 0x00000000c4300000, 0x00000000eab00000)
  object space 68608K, 75% used [0x00000000c0000000,0x00000000c32886e8,0x00000000c4300000)
 Metaspace       used 54316K, capacity 57151K, committed 57432K, reserved 1099776K
  class space    used 5658K, capacity 6643K, committed 6744K, reserved 1048576K
}
Event: 67.273 GC heap after
{Heap after GC invocations=39 (full 2):
 PSYoungGen      total 16896K, used 1088K [0x00000000eab00000, 0x00000000ebd00000, 0x0000000100000000)
  eden space 15360K, 0% used [0x00000000eab00000,0x00000000eab00000,0x00000000eba00000)
  from space 1536K, 70% used [0x00000000eba00000,0x00000000ebb10000,0x00000000ebb80000)
  to   space 1536K, 0% used [0x00000000ebb80000,0x00000000ebb80000,0x00000000ebd00000)
 ParOldGen       total 68608K, used 52651K [0x00000000c0000000, 0x00000000c4300000, 0x00000000eab00000)
  object space 68608K, 76% used [0x00000000c0000000,0x00000000c336ae08,0x00000000c4300000)
 Metaspace       used 54316K, capacity 57151K, committed 57432K, reserved 1099776K
  class space    used 5658K, capacity 6643K, committed 6744K, reserved 1048576K
}
Event: 67.573 GC heap before
{Heap before GC invocations=40 (full 2):
 PSYoungGen      total 16896K, used 16448K [0x00000000eab00000, 0x00000000ebd00000, 0x0000000100000000)
  eden space 15360K, 100% used [0x00000000eab00000,0x00000000eba00000,0x00000000eba00000)
  from space 1536K, 70% used [0x00000000eba00000,0x00000000ebb10000,0x00000000ebb80000)
  to   space 1536K, 0% used [0x00000000ebb80000,0x00000000ebb80000,0x00000000ebd00000)
 ParOldGen       total 68608K, used 52651K [0x00000000c0000000, 0x00000000c4300000, 0x00000000eab00000)
  object space 68608K, 76% used [0x00000000c0000000,0x00000000c336ae08,0x00000000c4300000)
 Metaspace       used 54327K, capacity 57151K, committed 57432K, reserved 1099776K
  class space    used 5659K, capacity 6643K, committed 6744K, reserved 1048576K
}
Event: 67.577 GC heap after
{Heap after GC invocations=40 (full 2):
 PSYoungGen      total 16384K, used 753K [0x00000000eab00000, 0x00000000ebc80000, 0x0000000100000000)
  eden space 15360K, 0% used [0x00000000eab00000,0x00000000eab00000,0x00000000eba00000)
  from space 1024K, 73% used [0x00000000ebb80000,0x00000000ebc3c6d8,0x00000000ebc80000)
  to   space 1024K, 0% used [0x00000000eba80000,0x00000000eba80000,0x00000000ebb80000)
 ParOldGen       total 68608K, used 53321K [0x00000000c0000000, 0x00000000c4300000, 0x00000000eab00000)
  object space 68608K, 77% used [0x00000000c0000000,0x00000000c3412798,0x00000000c4300000)
 Metaspace       used 54327K, capacity 57151K, committed 57432K, reserved 1099776K
  class space    used 5659K, capacity 6643K, committed 6744K, reserved 1048576K
}
Event: 69.437 GC heap before
{Heap before GC invocations=41 (full 2):
 PSYoungGen      total 16384K, used 16113K [0x00000000eab00000, 0x00000000ebc80000, 0x0000000100000000)
  eden space 15360K, 100% used [0x00000000eab00000,0x00000000eba00000,0x00000000eba00000)
  from space 1024K, 73% used [0x00000000ebb80000,0x00000000ebc3c6d8,0x00000000ebc80000)
  to   space 1024K, 0% used [0x00000000eba80000,0x00000000eba80000,0x00000000ebb80000)
 ParOldGen       total 68608K, used 53321K [0x00000000c0000000, 0x00000000c4300000, 0x00000000eab00000)
  object space 68608K, 77% used [0x00000000c0000000,0x00000000c3412798,0x00000000c4300000)
 Metaspace       used 54331K, capacity 57151K, committed 57432K, reserved 1099776K
  class space    used 5659K, capacity 6643K, committed 6744K, reserved 1048576K
}
Event: 69.438 GC heap after
{Heap after GC invocations=41 (full 2):
 PSYoungGen      total 15872K, used 365K [0x00000000eab00000, 0x00000000ebc00000, 0x0000000100000000)
  eden space 15360K, 0% used [0x00000000eab00000,0x00000000eab00000,0x00000000eba00000)
  from space 512K, 71% used [0x00000000eba80000,0x00000000ebadb788,0x00000000ebb00000)
  to   space 1024K, 0% used [0x00000000ebb00000,0x00000000ebb00000,0x00000000ebc00000)
 ParOldGen       total 68608K, used 53377K [0x00000000c0000000, 0x00000000c4300000, 0x00000000eab00000)
  object space 68608K, 77% used [0x00000000c0000000,0x00000000c3420798,0x00000000c4300000)
 Metaspace       used 54331K, capacity 57151K, committed 57432K, reserved 1099776K
  class space    used 5659K, capacity 6643K, committed 6744K, reserved 1048576K
}
Event: 69.844 GC heap before
{Heap before GC invocations=42 (full 2):
 PSYoungGen      total 15872K, used 15725K [0x00000000eab00000, 0x00000000ebc00000, 0x0000000100000000)
  eden space 15360K, 100% used [0x00000000eab00000,0x00000000eba00000,0x00000000eba00000)
  from space 512K, 71% used [0x00000000eba80000,0x00000000ebadb788,0x00000000ebb00000)
  to   space 1024K, 0% used [0x00000000ebb00000,0x00000000ebb00000,0x00000000ebc00000)
 ParOldGen       total 68608K, used 53377K [0x00000000c0000000, 0x00000000c4300000, 0x00000000eab00000)
  object space 68608K, 77% used [0x00000000c0000000,0x00000000c3420798,0x00000000c4300000)
 Metaspace       used 54364K, capacity 57166K, committed 57432K, reserved 1099776K
  class space    used 5664K, capacity 6648K, committed 6744K, reserved 1048576K
}
Event: 69.846 GC heap after
{Heap after GC invocations=42 (full 2):
 PSYoungGen      total 16384K, used 729K [0x00000000eab00000, 0x00000000ebc00000, 0x0000000100000000)
  eden space 15360K, 0% used [0x00000000eab00000,0x00000000eab00000,0x00000000eba00000)
  from space 1024K, 71% used [0x00000000ebb00000,0x00000000ebbb6410,0x00000000ebc00000)
  to   space 1024K, 0% used [0x00000000eba00000,0x00000000eba00000,0x00000000ebb00000)
 ParOldGen       total 68608K, used 53510K [0x00000000c0000000, 0x00000000c4300000, 0x00000000eab00000)
  object space 68608K, 77% used [0x00000000c0000000,0x00000000c3441898,0x00000000c4300000)
 Metaspace       used 54364K, capacity 57166K, committed 57432K, reserved 1099776K
  class space    used 5664K, capacity 6648K, committed 6744K, reserved 1048576K
}
Event: 70.149 GC heap before
{Heap before GC invocations=43 (full 2):
 PSYoungGen      total 16384K, used 16089K [0x00000000eab00000, 0x00000000ebc00000, 0x0000000100000000)
  eden space 15360K, 100% used [0x00000000eab00000,0x00000000eba00000,0x00000000eba00000)
  from space 1024K, 71% used [0x00000000ebb00000,0x00000000ebbb6410,0x00000000ebc00000)
  to   space 1024K, 0% used [0x00000000eba00000,0x00000000eba00000,0x00000000ebb00000)
 ParOldGen       total 68608K, used 53510K [0x00000000c0000000, 0x00000000c4300000, 0x00000000eab00000)
  object space 68608K, 77% used [0x00000000c0000000,0x00000000c3441898,0x00000000c4300000)
 Metaspace       used 54365K, capacity 57166K, committed 57432K, reserved 1099776K
  class space    used 5664K, capacity 6648K, committed 6744K, reserved 1048576K
}
Event: 70.153 GC heap after
{Heap after GC invocations=43 (full 2):
 PSYoungGen      total 16384K, used 1024K [0x00000000eab00000, 0x00000000ebe00000, 0x0000000100000000)
  eden space 15360K, 0% used [0x00000000eab00000,0x00000000eab00000,0x00000000eba00000)
  from space 1024K, 100% used [0x00000000eba00000,0x00000000ebb00000,0x00000000ebb00000)
  to   space 2048K, 0% used [0x00000000ebc00000,0x00000000ebc00000,0x00000000ebe00000)
 ParOldGen       total 68608K, used 54175K [0x00000000c0000000, 0x00000000c4300000, 0x00000000eab00000)
  object space 68608K, 78% used [0x00000000c0000000,0x00000000c34e7cb8,0x00000000c4300000)
 Metaspace       used 54365K, capacity 57166K, committed 57432K, reserved 1099776K
  class space    used 5664K, capacity 6648K, committed 6744K, reserved 1048576K
}
Event: 71.141 GC heap before
{Heap before GC invocations=44 (full 2):
 PSYoungGen      total 16384K, used 16384K [0x00000000eab00000, 0x00000000ebe00000, 0x0000000100000000)
  eden space 15360K, 100% used [0x00000000eab00000,0x00000000eba00000,0x00000000eba00000)
  from space 1024K, 100% used [0x00000000eba00000,0x00000000ebb00000,0x00000000ebb00000)
  to   space 2048K, 0% used [0x00000000ebc00000,0x00000000ebc00000,0x00000000ebe00000)
 ParOldGen       total 68608K, used 54175K [0x00000000c0000000, 0x00000000c4300000, 0x00000000eab00000)
  object space 68608K, 78% used [0x00000000c0000000,0x00000000c34e7cb8,0x00000000c4300000)
 Metaspace       used 54396K, capacity 57230K, committed 57432K, reserved 1099776K
  class space    used 5664K, capacity 6648K, committed 6744K, reserved 1048576K
}
Event: 71.146 GC heap after
{Heap after GC invocations=44 (full 2):
 PSYoungGen      total 17408K, used 1705K [0x00000000eab00000, 0x00000000ebe00000, 0x0000000100000000)
  eden space 15360K, 0% used [0x00000000eab00000,0x00000000eab00000,0x00000000eba00000)
  from space 2048K, 83% used [0x00000000ebc00000,0x00000000ebdaa5e8,0x00000000ebe00000)
  to   space 2048K, 0% used [0x00000000eba00000,0x00000000eba00000,0x00000000ebc00000)
 ParOldGen       total 68608K, used 55199K [0x00000000c0000000, 0x00000000c4300000, 0x00000000eab00000)
  object space 68608K, 80% used [0x00000000c0000000,0x00000000c35e7cb8,0x00000000c4300000)
 Metaspace       used 54396K, capacity 57230K, committed 57432K, reserved 1099776K
  class space    used 5664K, capacity 6648K, committed 6744K, reserved 1048576K
}
Event: 72.767 GC heap before
{Heap before GC invocations=45 (full 2):
 PSYoungGen      total 17408K, used 17065K [0x00000000eab00000, 0x00000000ebe00000, 0x0000000100000000)
  eden space 15360K, 100% used [0x00000000eab00000,0x00000000eba00000,0x00000000eba00000)
  from space 2048K, 83% used [0x00000000ebc00000,0x00000000ebdaa5e8,0x00000000ebe00000)
  to   space 2048K, 0% used [0x00000000eba00000,0x00000000eba00000,0x00000000ebc00000)
 ParOldGen       total 68608K, used 55199K [0x00000000c0000000, 0x00000000c4300000, 0x00000000eab00000)
  object space 68608K, 80% used [0x00000000c0000000,0x00000000c35e7cb8,0x00000000c4300000)
 Metaspace       used 54888K, capacity 57723K, committed 57944K, reserved 1099776K
  class space    used 5708K, capacity 6684K, committed 6744K, reserved 1048576K
}
Event: 72.806 GC heap after
{Heap after GC invocations=45 (full 2):
 PSYoungGen      total 17408K, used 1664K [0x00000000eab00000, 0x00000000ebe00000, 0x0000000100000000)
  eden space 15360K, 0% used [0x00000000eab00000,0x00000000eab00000,0x00000000eba00000)
  from space 2048K, 81% used [0x00000000eba00000,0x00000000ebba0000,0x00000000ebc00000)
  to   space 2048K, 0% used [0x00000000ebc00000,0x00000000ebc00000,0x00000000ebe00000)
 ParOldGen       total 68608K, used 56647K [0x00000000c0000000, 0x00000000c4300000, 0x00000000eab00000)
  object space 68608K, 82% used [0x00000000c0000000,0x00000000c3751cb8,0x00000000c4300000)
 Metaspace       used 54888K, capacity 57723K, committed 57944K, reserved 1099776K
  class space    used 5708K, capacity 6684K, committed 6744K, reserved 1048576K
}
Event: 75.412 GC heap before
{Heap before GC invocations=46 (full 2):
 PSYoungGen      total 17408K, used 17024K [0x00000000eab00000, 0x00000000ebe00000, 0x0000000100000000)
  eden space 15360K, 100% used [0x00000000eab00000,0x00000000eba00000,0x00000000eba00000)
  from space 2048K, 81% used [0x00000000eba00000,0x00000000ebba0000,0x00000000ebc00000)
  to   space 2048K, 0% used [0x00000000ebc00000,0x00000000ebc00000,0x00000000ebe00000)
 ParOldGen       total 68608K, used 56647K [0x00000000c0000000, 0x00000000c4300000, 0x00000000eab00000)
  object space 68608K, 82% used [0x00000000c0000000,0x00000000c3751cb8,0x00000000c4300000)
 Metaspace       used 55625K, capacity 58475K, committed 58712K, reserved 1101824K
  class space    used 5765K, capacity 6721K, committed 6744K, reserved 1048576K
}
Event: 75.421 GC heap after
{Heap after GC invocations=46 (full 2):
 PSYoungGen      total 16896K, used 1369K [0x00000000eab00000, 0x00000000ebd80000, 0x0000000100000000)
  eden space 15360K, 0% used [0x00000000eab00000,0x00000000eab00000,0x00000000eba00000)
  from space 1536K, 89% used [0x00000000ebc00000,0x00000000ebd56410,0x00000000ebd80000)
  to   space 1536K, 0% used [0x00000000eba80000,0x00000000eba80000,0x00000000ebc00000)
 ParOldGen       total 68608K, used 58157K [0x00000000c0000000, 0x00000000c4300000, 0x00000000eab00000)
  object space 68608K, 84% used [0x00000000c0000000,0x00000000c38cb440,0x00000000c4300000)
 Metaspace       used 55625K, capacity 58475K, committed 58712K, reserved 1101824K
  class space    used 5765K, capacity 6721K, committed 6744K, reserved 1048576K
}

