# JRE version: Java(TM) SE Runtime Environment (13.0.2+8) (build 13.0.2+8)
# Java VM: Java HotSpot(TM) 64-Bit Server VM (13.0.2+8, mixed mode, sharing, tiered, compressed oops, g1 gc, windows-amd64)
Heap:
 garbage-first heap   total 131072K, used 43779K [0x0000000081600000, 0x0000000100000000)
  region size 1024K, 38 young (38912K), 2 survivors (2048K)
 Metaspace       used 17113K, capacity 17695K, committed 18048K, reserved 1064960K
  class space    used 2094K, capacity 2318K, committed 2432K, reserved 1048576K
GC Heap History (6 events):
Event: 1.626 GC heap before
{Heap before GC invocations=0 (full 0):
 garbage-first heap   total 131072K, used 14336K [0x0000000081600000, 0x0000000100000000)
  region size 1024K, 14 young (14336K), 0 survivors (0K)
 Metaspace       used 5740K, capacity 6004K, committed 6144K, reserved 1056768K
  class space    used 635K, capacity 734K, committed 768K, reserved 1048576K
}
Event: 1.635 GC heap after
{Heap after GC invocations=1 (full 0):
 garbage-first heap   total 131072K, used 6163K [0x0000000081600000, 0x0000000100000000)
  region size 1024K, 2 young (2048K), 2 survivors (2048K)
 Metaspace       used 5740K, capacity 6004K, committed 6144K, reserved 1056768K
  class space    used 635K, capacity 734K, committed 768K, reserved 1048576K
}
Event: 1.864 GC heap before
{Heap before GC invocations=1 (full 0):
 garbage-first heap   total 131072K, used 15379K [0x0000000081600000, 0x0000000100000000)
  region size 1024K, 11 young (11264K), 2 survivors (2048K)
 Metaspace       used 7066K, capacity 7363K, committed 7552K, reserved 1056768K
  class space    used 790K, capacity 893K, committed 896K, reserved 1048576K
}
Event: 1.869 GC heap after
{Heap after GC invocations=2 (full 0):
 garbage-first heap   total 131072K, used 6882K [0x0000000081600000, 0x0000000100000000)
  region size 1024K, 1 young (1024K), 1 survivors (1024K)
 Metaspace       used 7066K, capacity 7363K, committed 7552K, reserved 1056768K
  class space    used 790K, capacity 893K, committed 896K, reserved 1048576K
}
Event: 2.363 GC heap before
{Heap before GC invocations=2 (full 0):
 garbage-first heap   total 131072K, used 32482K [0x0000000081600000, 0x0000000100000000)
  region size 1024K, 26 young (26624K), 1 survivors (1024K)
 Metaspace       used 11193K, capacity 11554K, committed 11776K, reserved 1058816K
  class space    used 1364K, capacity 1511K, committed 1536K, reserved 1048576K
}
Event: 2.366 GC heap after
{Heap after GC invocations=3 (full 0):
 garbage-first heap   total 131072K, used 7939K [0x0000000081600000, 0x0000000100000000)
  region size 1024K, 2 young (2048K), 2 survivors (2048K)
 Metaspace       used 11193K, capacity 11554K, committed 11776K, reserved 1058816K
  class space    used 1364K, capacity 1511K, committed 1536K, reserved 1048576K
}

