# JRE version: Java(TM) SE Runtime Environment (13.0.2+8) (build 13.0.2+8)
# Java VM: Java HotSpot(TM) 64-Bit Server VM (13.0.2+8, mixed mode, sharing, tiered, compressed oops, parallel gc, windows-amd64)
Heap:
 PSYoungGen      total 16896K, used 10121K [0x00000000eab00000, 0x00000000ec480000, 0x0000000100000000)
  eden space 15360K, 57% used [0x00000000eab00000,0x00000000eb3aa668,0x00000000eba00000)
  from space 1536K, 81% used [0x00000000ec300000,0x00000000ec438000,0x00000000ec480000)
  to   space 2048K, 0% used [0x00000000ec080000,0x00000000ec080000,0x00000000ec280000)
 ParOldGen       total 104448K, used 90683K [0x00000000c0000000, 0x00000000c6600000, 0x00000000eab00000)
  object space 104448K, 86% used [0x00000000c0000000,0x00000000c588ede0,0x00000000c6600000)
 Metaspace       used 51220K, capacity 53989K, committed 54232K, reserved 1097728K
  class space    used 5397K, capacity 6372K, committed 6400K, reserved 1048576K
GC Heap History (20 events):
Event: 47.308 GC heap before
{Heap before GC invocations=29 (full 2):
 PSYoungGen      total 19456K, used 19160K [0x00000000eab00000, 0x00000000ec200000, 0x0000000100000000)
  eden space 17920K, 99% used [0x00000000eab00000,0x00000000ebc62ea0,0x00000000ebc80000)
  from space 1536K, 88% used [0x00000000ec080000,0x00000000ec1d3428,0x00000000ec200000)
  to   space 2048K, 0% used [0x00000000ebe00000,0x00000000ebe00000,0x00000000ec000000)
 ParOldGen       total 68608K, used 41320K [0x00000000c0000000, 0x00000000c4300000, 0x00000000eab00000)
  object space 68608K, 60% used [0x00000000c0000000,0x00000000c285a300,0x00000000c4300000)
 Metaspace       used 48420K, capacity 50987K, committed 51160K, reserved 1093632K
  class space    used 5136K, capacity 6058K, committed 6144K, reserved 1048576K
}
Event: 47.310 GC heap after
{Heap after GC invocations=29 (full 2):
 PSYoungGen      total 19968K, used 224K [0x00000000eab00000, 0x00000000ec100000, 0x0000000100000000)
  eden space 17920K, 0% used [0x00000000eab00000,0x00000000eab00000,0x00000000ebc80000)
  from space 2048K, 10% used [0x00000000ebe00000,0x00000000ebe38010,0x00000000ec000000)
  to   space 1024K, 0% used [0x00000000ec000000,0x00000000ec000000,0x00000000ec100000)
 ParOldGen       total 68608K, used 41496K [0x00000000c0000000, 0x00000000c4300000, 0x00000000eab00000)
  object space 68608K, 60% used [0x00000000c0000000,0x00000000c2886300,0x00000000c4300000)
 Metaspace       used 48420K, capacity 50987K, committed 51160K, reserved 1093632K
  class space    used 5136K, capacity 6058K, committed 6144K, reserved 1048576K
}
Event: 49.334 GC heap before
{Heap before GC invocations=30 (full 2):
 PSYoungGen      total 19968K, used 18144K [0x00000000eab00000, 0x00000000ec100000, 0x0000000100000000)
  eden space 17920K, 100% used [0x00000000eab00000,0x00000000ebc80000,0x00000000ebc80000)
  from space 2048K, 10% used [0x00000000ebe00000,0x00000000ebe38010,0x00000000ec000000)
  to   space 1024K, 0% used [0x00000000ec000000,0x00000000ec000000,0x00000000ec100000)
 ParOldGen       total 68608K, used 41496K [0x00000000c0000000, 0x00000000c4300000, 0x00000000eab00000)
  object space 68608K, 60% used [0x00000000c0000000,0x00000000c2886300,0x00000000c4300000)
 Metaspace       used 50623K, capacity 53425K, committed 53720K, reserved 1097728K
  class space    used 5364K, capacity 6334K, committed 6400K, reserved 1048576K
}
Event: 49.382 GC heap after
{Heap after GC invocations=30 (full 2):
 PSYoungGen      total 18432K, used 992K [0x00000000eab00000, 0x00000000ec480000, 0x0000000100000000)
  eden space 17408K, 0% used [0x00000000eab00000,0x00000000eab00000,0x00000000ebc00000)
  from space 1024K, 96% used [0x00000000ec000000,0x00000000ec0f8020,0x00000000ec100000)
  to   space 4096K, 0% used [0x00000000ebc00000,0x00000000ebc00000,0x00000000ec000000)
 ParOldGen       total 68608K, used 43686K [0x00000000c0000000, 0x00000000c4300000, 0x00000000eab00000)
  object space 68608K, 63% used [0x00000000c0000000,0x00000000c2aa9a90,0x00000000c4300000)
 Metaspace       used 50623K, capacity 53425K, committed 53720K, reserved 1097728K
  class space    used 5364K, capacity 6334K, committed 6400K, reserved 1048576K
}
Event: 49.576 GC heap before
{Heap before GC invocations=31 (full 2):
 PSYoungGen      total 18432K, used 12160K [0x00000000eab00000, 0x00000000ec480000, 0x0000000100000000)
  eden space 17408K, 64% used [0x00000000eab00000,0x00000000eb5e83c8,0x00000000ebc00000)
  from space 1024K, 96% used [0x00000000ec000000,0x00000000ec0f8020,0x00000000ec100000)
  to   space 4096K, 0% used [0x00000000ebc00000,0x00000000ebc00000,0x00000000ec000000)
 ParOldGen       total 68608K, used 43686K [0x00000000c0000000, 0x00000000c4300000, 0x00000000eab00000)
  object space 68608K, 63% used [0x00000000c0000000,0x00000000c2aa9a90,0x00000000c4300000)
 Metaspace       used 50686K, capacity 53492K, committed 53720K, reserved 1097728K
  class space    used 5370K, capacity 6335K, committed 6400K, reserved 1048576K
}
Event: 49.581 GC heap after
{Heap after GC invocations=31 (full 2):
 PSYoungGen      total 21504K, used 3990K [0x00000000eab00000, 0x00000000ec500000, 0x0000000100000000)
  eden space 17408K, 0% used [0x00000000eab00000,0x00000000eab00000,0x00000000ebc00000)
  from space 4096K, 97% used [0x00000000ebc00000,0x00000000ebfe5810,0x00000000ec000000)
  to   space 4608K, 0% used [0x00000000ec080000,0x00000000ec080000,0x00000000ec500000)
 ParOldGen       total 68608K, used 45985K [0x00000000c0000000, 0x00000000c4300000, 0x00000000eab00000)
  object space 68608K, 67% used [0x00000000c0000000,0x00000000c2ce8708,0x00000000c4300000)
 Metaspace       used 50686K, capacity 53492K, committed 53720K, reserved 1097728K
  class space    used 5370K, capacity 6335K, committed 6400K, reserved 1048576K
}
Event: 49.965 GC heap before
{Heap before GC invocations=32 (full 2):
 PSYoungGen      total 21504K, used 21398K [0x00000000eab00000, 0x00000000ec500000, 0x0000000100000000)
  eden space 17408K, 100% used [0x00000000eab00000,0x00000000ebc00000,0x00000000ebc00000)
  from space 4096K, 97% used [0x00000000ebc00000,0x00000000ebfe5810,0x00000000ec000000)
  to   space 4608K, 0% used [0x00000000ec080000,0x00000000ec080000,0x00000000ec500000)
 ParOldGen       total 91136K, used 83324K [0x00000000c0000000, 0x00000000c5900000, 0x00000000eab00000)
  object space 91136K, 91% used [0x00000000c0000000,0x00000000c515f258,0x00000000c5900000)
 Metaspace       used 50720K, capacity 53498K, committed 53720K, reserved 1097728K
  class space    used 5373K, capacity 6337K, committed 6400K, reserved 1048576K
}
Event: 49.977 GC heap after
{Heap after GC invocations=32 (full 2):
 PSYoungGen      total 19968K, used 4608K [0x00000000eab00000, 0x00000000ec900000, 0x0000000100000000)
  eden space 15360K, 0% used [0x00000000eab00000,0x00000000eab00000,0x00000000eba00000)
  from space 4608K, 100% used [0x00000000ec080000,0x00000000ec500000,0x00000000ec500000)
  to   space 6656K, 0% used [0x00000000eba00000,0x00000000eba00000,0x00000000ec080000)
 ParOldGen       total 91136K, used 84780K [0x00000000c0000000, 0x00000000c5900000, 0x00000000eab00000)
  object space 91136K, 93% used [0x00000000c0000000,0x00000000c52cb258,0x00000000c5900000)
 Metaspace       used 50720K, capacity 53498K, committed 53720K, reserved 1097728K
  class space    used 5373K, capacity 6337K, committed 6400K, reserved 1048576K
}
Event: 50.155 GC heap before
{Heap before GC invocations=33 (full 2):
 PSYoungGen      total 19968K, used 19968K [0x00000000eab00000, 0x00000000ec900000, 0x0000000100000000)
  eden space 15360K, 100% used [0x00000000eab00000,0x00000000eba00000,0x00000000eba00000)
  from space 4608K, 100% used [0x00000000ec080000,0x00000000ec500000,0x00000000ec500000)
  to   space 6656K, 0% used [0x00000000eba00000,0x00000000eba00000,0x00000000ec080000)
 ParOldGen       total 91136K, used 84780K [0x00000000c0000000, 0x00000000c5900000, 0x00000000eab00000)
  object space 91136K, 93% used [0x00000000c0000000,0x00000000c52cb258,0x00000000c5900000)
 Metaspace       used 50730K, capacity 53498K, committed 53720K, reserved 1097728K
  class space    used 5373K, capacity 6337K, committed 6400K, reserved 1048576K
}
Event: 50.230 GC heap after
{Heap after GC invocations=33 (full 2):
 PSYoungGen      total 22016K, used 6656K [0x00000000eab00000, 0x00000000ede00000, 0x0000000100000000)
  eden space 15360K, 0% used [0x00000000eab00000,0x00000000eab00000,0x00000000eba00000)
  from space 6656K, 100% used [0x00000000eba00000,0x00000000ec080000,0x00000000ec080000)
  to   space 18432K, 0% used [0x00000000ecc00000,0x00000000ecc00000,0x00000000ede00000)
 ParOldGen       total 95232K, used 94256K [0x00000000c0000000, 0x00000000c5d00000, 0x00000000eab00000)
  object space 95232K, 98% used [0x00000000c0000000,0x00000000c5c0c268,0x00000000c5d00000)
 Metaspace       used 50730K, capacity 53498K, committed 53720K, reserved 1097728K
  class space    used 5373K, capacity 6337K, committed 6400K, reserved 1048576K
}
Event: 50.230 GC heap before
{Heap before GC invocations=34 (full 3):
 PSYoungGen      total 22016K, used 6656K [0x00000000eab00000, 0x00000000ede00000, 0x0000000100000000)
  eden space 15360K, 0% used [0x00000000eab00000,0x00000000eab00000,0x00000000eba00000)
  from space 6656K, 100% used [0x00000000eba00000,0x00000000ec080000,0x00000000ec080000)
  to   space 18432K, 0% used [0x00000000ecc00000,0x00000000ecc00000,0x00000000ede00000)
 ParOldGen       total 95232K, used 94256K [0x00000000c0000000, 0x00000000c5d00000, 0x00000000eab00000)
  object space 95232K, 98% used [0x00000000c0000000,0x00000000c5c0c268,0x00000000c5d00000)
 Metaspace       used 50730K, capacity 53498K, committed 53720K, reserved 1097728K
  class space    used 5373K, capacity 6337K, committed 6400K, reserved 1048576K
}
Event: 50.910 GC heap after
{Heap after GC invocations=34 (full 3):
 PSYoungGen      total 33792K, used 0K [0x00000000eab00000, 0x00000000ede00000, 0x0000000100000000)
  eden space 15360K, 0% used [0x00000000eab00000,0x00000000eab00000,0x00000000eba00000)
  from space 18432K, 0% used [0x00000000ecc00000,0x00000000ecc00000,0x00000000ede00000)
  to   space 18432K, 0% used [0x00000000eba00000,0x00000000eba00000,0x00000000ecc00000)
 ParOldGen       total 104448K, used 68435K [0x00000000c0000000, 0x00000000c6600000, 0x00000000eab00000)
  object space 104448K, 65% used [0x00000000c0000000,0x00000000c42d4dd0,0x00000000c6600000)
 Metaspace       used 50730K, capacity 53498K, committed 53720K, reserved 1097728K
  class space    used 5373K, capacity 6337K, committed 6400K, reserved 1048576K
}
Event: 51.040 GC heap before
{Heap before GC invocations=35 (full 3):
 PSYoungGen      total 33792K, used 15360K [0x00000000eab00000, 0x00000000ede00000, 0x0000000100000000)
  eden space 15360K, 100% used [0x00000000eab00000,0x00000000eba00000,0x00000000eba00000)
  from space 18432K, 0% used [0x00000000ecc00000,0x00000000ecc00000,0x00000000ede00000)
  to   space 18432K, 0% used [0x00000000eba00000,0x00000000eba00000,0x00000000ecc00000)
 ParOldGen       total 104448K, used 68435K [0x00000000c0000000, 0x00000000c6600000, 0x00000000eab00000)
  object space 104448K, 65% used [0x00000000c0000000,0x00000000c42d4dd0,0x00000000c6600000)
 Metaspace       used 50731K, capacity 53498K, committed 53720K, reserved 1097728K
  class space    used 5373K, capacity 6337K, committed 6400K, reserved 1048576K
}
Event: 51.056 GC heap after
{Heap after GC invocations=35 (full 3):
 PSYoungGen      total 27136K, used 11456K [0x00000000eab00000, 0x00000000ed400000, 0x0000000100000000)
  eden space 15360K, 0% used [0x00000000eab00000,0x00000000eab00000,0x00000000eba00000)
  from space 11776K, 97% used [0x00000000eba00000,0x00000000ec530000,0x00000000ec580000)
  to   space 13312K, 0% used [0x00000000ec700000,0x00000000ec700000,0x00000000ed400000)
 ParOldGen       total 104448K, used 68435K [0x00000000c0000000, 0x00000000c6600000, 0x00000000eab00000)
  object space 104448K, 65% used [0x00000000c0000000,0x00000000c42d4dd0,0x00000000c6600000)
 Metaspace       used 50731K, capacity 53498K, committed 53720K, reserved 1097728K
  class space    used 5373K, capacity 6337K, committed 6400K, reserved 1048576K
}
Event: 51.325 GC heap before
{Heap before GC invocations=36 (full 3):
 PSYoungGen      total 27136K, used 26816K [0x00000000eab00000, 0x00000000ed400000, 0x0000000100000000)
  eden space 15360K, 100% used [0x00000000eab00000,0x00000000eba00000,0x00000000eba00000)
  from space 11776K, 97% used [0x00000000eba00000,0x00000000ec530000,0x00000000ec580000)
  to   space 13312K, 0% used [0x00000000ec700000,0x00000000ec700000,0x00000000ed400000)
 ParOldGen       total 104448K, used 68435K [0x00000000c0000000, 0x00000000c6600000, 0x00000000eab00000)
  object space 104448K, 65% used [0x00000000c0000000,0x00000000c42d4dd0,0x00000000c6600000)
 Metaspace       used 50750K, capacity 53562K, committed 53720K, reserved 1097728K
  class space    used 5373K, capacity 6337K, committed 6400K, reserved 1048576K
}
Event: 51.351 GC heap after
{Heap after GC invocations=36 (full 3):
 PSYoungGen      total 25600K, used 10080K [0x00000000eab00000, 0x00000000ed100000, 0x0000000100000000)
  eden space 15360K, 0% used [0x00000000eab00000,0x00000000eab00000,0x00000000eba00000)
  from space 10240K, 98% used [0x00000000ec700000,0x00000000ed0d8000,0x00000000ed100000)
  to   space 11264K, 0% used [0x00000000ebb00000,0x00000000ebb00000,0x00000000ec600000)
 ParOldGen       total 104448K, used 79875K [0x00000000c0000000, 0x00000000c6600000, 0x00000000eab00000)
  object space 104448K, 76% used [0x00000000c0000000,0x00000000c4e00dd0,0x00000000c6600000)
 Metaspace       used 50750K, capacity 53562K, committed 53720K, reserved 1097728K
  class space    used 5373K, capacity 6337K, committed 6400K, reserved 1048576K
}
Event: 53.287 GC heap before
{Heap before GC invocations=37 (full 3):
 PSYoungGen      total 25600K, used 25440K [0x00000000eab00000, 0x00000000ed100000, 0x0000000100000000)
  eden space 15360K, 100% used [0x00000000eab00000,0x00000000eba00000,0x00000000eba00000)
  from space 10240K, 98% used [0x00000000ec700000,0x00000000ed0d8000,0x00000000ed100000)
  to   space 11264K, 0% used [0x00000000ebb00000,0x00000000ebb00000,0x00000000ec600000)
 ParOldGen       total 104448K, used 79875K [0x00000000c0000000, 0x00000000c6600000, 0x00000000eab00000)
  object space 104448K, 76% used [0x00000000c0000000,0x00000000c4e00dd0,0x00000000c6600000)
 Metaspace       used 50979K, capacity 53850K, committed 53976K, reserved 1097728K
  class space    used 5384K, capacity 6369K, committed 6400K, reserved 1048576K
}
Event: 53.301 GC heap after
{Heap after GC invocations=37 (full 3):
 PSYoungGen      total 16896K, used 1152K [0x00000000eab00000, 0x00000000ec780000, 0x0000000100000000)
  eden space 15360K, 0% used [0x00000000eab00000,0x00000000eab00000,0x00000000eba00000)
  from space 1536K, 75% used [0x00000000ebb00000,0x00000000ebc20000,0x00000000ebc80000)
  to   space 4608K, 0% used [0x00000000ec300000,0x00000000ec300000,0x00000000ec780000)
 ParOldGen       total 104448K, used 89699K [0x00000000c0000000, 0x00000000c6600000, 0x00000000eab00000)
  object space 104448K, 85% used [0x00000000c0000000,0x00000000c5798de0,0x00000000c6600000)
 Metaspace       used 50979K, capacity 53850K, committed 53976K, reserved 1097728K
  class space    used 5384K, capacity 6369K, committed 6400K, reserved 1048576K
}
Event: 54.372 GC heap before
{Heap before GC invocations=38 (full 3):
 PSYoungGen      total 16896K, used 16501K [0x00000000eab00000, 0x00000000ec780000, 0x0000000100000000)
  eden space 15360K, 99% used [0x00000000eab00000,0x00000000eb9fd7d0,0x00000000eba00000)
  from space 1536K, 75% used [0x00000000ebb00000,0x00000000ebc20000,0x00000000ebc80000)
  to   space 4608K, 0% used [0x00000000ec300000,0x00000000ec300000,0x00000000ec780000)
 ParOldGen       total 104448K, used 89699K [0x00000000c0000000, 0x00000000c6600000, 0x00000000eab00000)
  object space 104448K, 85% used [0x00000000c0000000,0x00000000c5798de0,0x00000000c6600000)
 Metaspace       used 51169K, capacity 53986K, committed 54232K, reserved 1097728K
  class space    used 5397K, capacity 6371K, committed 6400K, reserved 1048576K
}
Event: 54.390 GC heap after
{Heap after GC invocations=38 (full 3):
 PSYoungGen      total 16896K, used 1248K [0x00000000eab00000, 0x00000000ec480000, 0x0000000100000000)
  eden space 15360K, 0% used [0x00000000eab00000,0x00000000eab00000,0x00000000eba00000)
  from space 1536K, 81% used [0x00000000ec300000,0x00000000ec438000,0x00000000ec480000)
  to   space 2048K, 0% used [0x00000000ec080000,0x00000000ec080000,0x00000000ec280000)
 ParOldGen       total 104448K, used 90683K [0x00000000c0000000, 0x00000000c6600000, 0x00000000eab00000)
  object space 104448K, 86% used [0x00000000c0000000,0x00000000c588ede0,0x00000000c6600000)
 Metaspace       used 51169K, capacity 53986K, committed 54232K, reserved 1097728K
  class space    used 5397K, capacity 6371K, committed 6400K, reserved 1048576K
}

