# JRE version: Java(TM) SE Runtime Environment (13.0.2+8) (build 13.0.2+8)
# Java VM: Java HotSpot(TM) 64-Bit Server VM (13.0.2+8, mixed mode, sharing, tiered, compressed oops, parallel gc, windows-amd64)
Heap:
 PSYoungGen      total 19456K, used 640K [0x00000000eab00000, 0x00000000ec500000, 0x0000000100000000)
  eden space 18432K, 0% used [0x00000000eab00000,0x00000000eab00000,0x00000000ebd00000)
  from space 1024K, 62% used [0x00000000ec400000,0x00000000ec4a0000,0x00000000ec500000)
  to   space 3072K, 0% used [0x00000000ebf00000,0x00000000ebf00000,0x00000000ec200000)
 ParOldGen       total 161280K, used 136467K [0x00000000c0000000, 0x00000000c9d80000, 0x00000000eab00000)
  object space 161280K, 84% used [0x00000000c0000000,0x00000000c8544c70,0x00000000c9d80000)
 Metaspace       used 72255K, capacity 75685K, committed 75736K, reserved 1122304K
  class space    used 7175K, capacity 8429K, committed 8448K, reserved 1048576K
GC Heap History (20 events):
Event: 443.746 GC heap after
{Heap after GC invocations=732 (full 27):
 PSYoungGen      total 15872K, used 675K [0x00000000eab00000, 0x00000000ebd80000, 0x0000000100000000)
  eden space 14848K, 0% used [0x00000000eab00000,0x00000000eab00000,0x00000000eb980000)
  from space 1024K, 65% used [0x00000000ebc80000,0x00000000ebd28ef0,0x00000000ebd80000)
  to   space 2048K, 0% used [0x00000000eb980000,0x00000000eb980000,0x00000000ebb80000)
 ParOldGen       total 152576K, used 135628K [0x00000000c0000000, 0x00000000c9500000, 0x00000000eab00000)
  object space 152576K, 88% used [0x00000000c0000000,0x00000000c84730f8,0x00000000c9500000)
 Metaspace       used 69147K, capacity 72633K, committed 72792K, reserved 1114112K
  class space    used 6778K, capacity 8031K, committed 8064K, reserved 1048576K
}
Event: 443.826 GC heap before
{Heap before GC invocations=733 (full 27):
 PSYoungGen      total 15872K, used 15523K [0x00000000eab00000, 0x00000000ebd80000, 0x0000000100000000)
  eden space 14848K, 100% used [0x00000000eab00000,0x00000000eb980000,0x00000000eb980000)
  from space 1024K, 65% used [0x00000000ebc80000,0x00000000ebd28ef0,0x00000000ebd80000)
  to   space 2048K, 0% used [0x00000000eb980000,0x00000000eb980000,0x00000000ebb80000)
 ParOldGen       total 152576K, used 135628K [0x00000000c0000000, 0x00000000c9500000, 0x00000000eab00000)
  object space 152576K, 88% used [0x00000000c0000000,0x00000000c84730f8,0x00000000c9500000)
 Metaspace       used 69147K, capacity 72633K, committed 72792K, reserved 1114112K
  class space    used 6778K, capacity 8031K, committed 8064K, reserved 1048576K
}
Event: 443.829 GC heap after
{Heap after GC invocations=733 (full 27):
 PSYoungGen      total 16896K, used 224K [0x00000000eab00000, 0x00000000ebd80000, 0x0000000100000000)
  eden space 14848K, 0% used [0x00000000eab00000,0x00000000eab00000,0x00000000eb980000)
  from space 2048K, 10% used [0x00000000eb980000,0x00000000eb9b8000,0x00000000ebb80000)
  to   space 1024K, 0% used [0x00000000ebc80000,0x00000000ebc80000,0x00000000ebd80000)
 ParOldGen       total 152576K, used 136128K [0x00000000c0000000, 0x00000000c9500000, 0x00000000eab00000)
  object space 152576K, 89% used [0x00000000c0000000,0x00000000c84f0008,0x00000000c9500000)
 Metaspace       used 69147K, capacity 72633K, committed 72792K, reserved 1114112K
  class space    used 6778K, capacity 8031K, committed 8064K, reserved 1048576K
}
Event: 444.005 GC heap before
{Heap before GC invocations=734 (full 27):
 PSYoungGen      total 16896K, used 15072K [0x00000000eab00000, 0x00000000ebd80000, 0x0000000100000000)
  eden space 14848K, 100% used [0x00000000eab00000,0x00000000eb980000,0x00000000eb980000)
  from space 2048K, 10% used [0x00000000eb980000,0x00000000eb9b8000,0x00000000ebb80000)
  to   space 1024K, 0% used [0x00000000ebc80000,0x00000000ebc80000,0x00000000ebd80000)
 ParOldGen       total 152576K, used 136128K [0x00000000c0000000, 0x00000000c9500000, 0x00000000eab00000)
  object space 152576K, 89% used [0x00000000c0000000,0x00000000c84f0008,0x00000000c9500000)
 Metaspace       used 69147K, capacity 72633K, committed 72792K, reserved 1114112K
  class space    used 6778K, capacity 8031K, committed 8064K, reserved 1048576K
}
Event: 444.020 GC heap after
{Heap after GC invocations=734 (full 27):
 PSYoungGen      total 17408K, used 224K [0x00000000eab00000, 0x00000000ebd00000, 0x0000000100000000)
  eden space 16896K, 0% used [0x00000000eab00000,0x00000000eab00000,0x00000000ebb80000)
  from space 512K, 43% used [0x00000000ebc80000,0x00000000ebcb8000,0x00000000ebd00000)
  to   space 512K, 0% used [0x00000000ebc00000,0x00000000ebc00000,0x00000000ebc80000)
 ParOldGen       total 152576K, used 136128K [0x00000000c0000000, 0x00000000c9500000, 0x00000000eab00000)
  object space 152576K, 89% used [0x00000000c0000000,0x00000000c84f0008,0x00000000c9500000)
 Metaspace       used 69147K, capacity 72633K, committed 72792K, reserved 1114112K
  class space    used 6778K, capacity 8031K, committed 8064K, reserved 1048576K
}
Event: 444.187 GC heap before
{Heap before GC invocations=735 (full 27):
 PSYoungGen      total 17408K, used 17120K [0x00000000eab00000, 0x00000000ebd00000, 0x0000000100000000)
  eden space 16896K, 100% used [0x00000000eab00000,0x00000000ebb80000,0x00000000ebb80000)
  from space 512K, 43% used [0x00000000ebc80000,0x00000000ebcb8000,0x00000000ebd00000)
  to   space 512K, 0% used [0x00000000ebc00000,0x00000000ebc00000,0x00000000ebc80000)
 ParOldGen       total 152576K, used 136128K [0x00000000c0000000, 0x00000000c9500000, 0x00000000eab00000)
  object space 152576K, 89% used [0x00000000c0000000,0x00000000c84f0008,0x00000000c9500000)
 Metaspace       used 69148K, capacity 72633K, committed 72792K, reserved 1114112K
  class space    used 6778K, capacity 8031K, committed 8064K, reserved 1048576K
}
Event: 444.191 GC heap after
{Heap after GC invocations=735 (full 27):
 PSYoungGen      total 17920K, used 128K [0x00000000eab00000, 0x00000000ebe80000, 0x0000000100000000)
  eden space 17408K, 0% used [0x00000000eab00000,0x00000000eab00000,0x00000000ebc00000)
  from space 512K, 25% used [0x00000000ebc00000,0x00000000ebc20000,0x00000000ebc80000)
  to   space 512K, 0% used [0x00000000ebe00000,0x00000000ebe00000,0x00000000ebe80000)
 ParOldGen       total 152576K, used 136184K [0x00000000c0000000, 0x00000000c9500000, 0x00000000eab00000)
  object space 152576K, 89% used [0x00000000c0000000,0x00000000c84fe008,0x00000000c9500000)
 Metaspace       used 69148K, capacity 72633K, committed 72792K, reserved 1114112K
  class space    used 6778K, capacity 8031K, committed 8064K, reserved 1048576K
}
Event: 446.199 GC heap before
{Heap before GC invocations=736 (full 27):
 PSYoungGen      total 17920K, used 17536K [0x00000000eab00000, 0x00000000ebe80000, 0x0000000100000000)
  eden space 17408K, 100% used [0x00000000eab00000,0x00000000ebc00000,0x00000000ebc00000)
  from space 512K, 25% used [0x00000000ebc00000,0x00000000ebc20000,0x00000000ebc80000)
  to   space 512K, 0% used [0x00000000ebe00000,0x00000000ebe00000,0x00000000ebe80000)
 ParOldGen       total 152576K, used 136184K [0x00000000c0000000, 0x00000000c9500000, 0x00000000eab00000)
  object space 152576K, 89% used [0x00000000c0000000,0x00000000c84fe008,0x00000000c9500000)
 Metaspace       used 71033K, capacity 74563K, committed 74840K, reserved 1116160K
  class space    used 7022K, capacity 8290K, committed 8320K, reserved 1048576K
}
Event: 446.202 GC heap after
{Heap after GC invocations=736 (full 27):
 PSYoungGen      total 18944K, used 483K [0x00000000eab00000, 0x00000000ec000000, 0x0000000100000000)
  eden space 18432K, 0% used [0x00000000eab00000,0x00000000eab00000,0x00000000ebd00000)
  from space 512K, 94% used [0x00000000ebe00000,0x00000000ebe78f68,0x00000000ebe80000)
  to   space 1024K, 0% used [0x00000000ebd00000,0x00000000ebd00000,0x00000000ebe00000)
 ParOldGen       total 152576K, used 136192K [0x00000000c0000000, 0x00000000c9500000, 0x00000000eab00000)
  object space 152576K, 89% used [0x00000000c0000000,0x00000000c8500008,0x00000000c9500000)
 Metaspace       used 71033K, capacity 74563K, committed 74840K, reserved 1116160K
  class space    used 7022K, capacity 8290K, committed 8320K, reserved 1048576K
}
Event: 459.266 GC heap before
{Heap before GC invocations=737 (full 27):
 PSYoungGen      total 18944K, used 18915K [0x00000000eab00000, 0x00000000ec000000, 0x0000000100000000)
  eden space 18432K, 100% used [0x00000000eab00000,0x00000000ebd00000,0x00000000ebd00000)
  from space 512K, 94% used [0x00000000ebe00000,0x00000000ebe78f68,0x00000000ebe80000)
  to   space 1024K, 0% used [0x00000000ebd00000,0x00000000ebd00000,0x00000000ebe00000)
 ParOldGen       total 152576K, used 136192K [0x00000000c0000000, 0x00000000c9500000, 0x00000000eab00000)
  object space 152576K, 89% used [0x00000000c0000000,0x00000000c8500008,0x00000000c9500000)
 Metaspace       used 71946K, capacity 75405K, committed 75480K, reserved 1116160K
  class space    used 7173K, capacity 8425K, committed 8448K, reserved 1048576K
}
Event: 459.269 GC heap after
{Heap after GC invocations=737 (full 27):
 PSYoungGen      total 19456K, used 448K [0x00000000eab00000, 0x00000000ec000000, 0x0000000100000000)
  eden space 18432K, 0% used [0x00000000eab00000,0x00000000eab00000,0x00000000ebd00000)
  from space 1024K, 43% used [0x00000000ebd00000,0x00000000ebd70010,0x00000000ebe00000)
  to   space 512K, 0% used [0x00000000ebf80000,0x00000000ebf80000,0x00000000ec000000)
 ParOldGen       total 152576K, used 136612K [0x00000000c0000000, 0x00000000c9500000, 0x00000000eab00000)
  object space 152576K, 89% used [0x00000000c0000000,0x00000000c85692d8,0x00000000c9500000)
 Metaspace       used 71946K, capacity 75405K, committed 75480K, reserved 1116160K
  class space    used 7173K, capacity 8425K, committed 8448K, reserved 1048576K
}
Event: 459.817 GC heap before
{Heap before GC invocations=738 (full 27):
 PSYoungGen      total 19456K, used 18880K [0x00000000eab00000, 0x00000000ec000000, 0x0000000100000000)
  eden space 18432K, 100% used [0x00000000eab00000,0x00000000ebd00000,0x00000000ebd00000)
  from space 1024K, 43% used [0x00000000ebd00000,0x00000000ebd70010,0x00000000ebe00000)
  to   space 512K, 0% used [0x00000000ebf80000,0x00000000ebf80000,0x00000000ec000000)
 ParOldGen       total 152576K, used 136612K [0x00000000c0000000, 0x00000000c9500000, 0x00000000eab00000)
  object space 152576K, 89% used [0x00000000c0000000,0x00000000c85692d8,0x00000000c9500000)
 Metaspace       used 71963K, capacity 75405K, committed 75480K, reserved 1116160K
  class space    used 7173K, capacity 8425K, committed 8448K, reserved 1048576K
}
Event: 459.845 GC heap after
{Heap after GC invocations=738 (full 27):
 PSYoungGen      total 18944K, used 496K [0x00000000eab00000, 0x00000000ec000000, 0x0000000100000000)
  eden space 18432K, 0% used [0x00000000eab00000,0x00000000eab00000,0x00000000ebd00000)
  from space 512K, 97% used [0x00000000ebf80000,0x00000000ebffc388,0x00000000ec000000)
  to   space 1024K, 0% used [0x00000000ebd00000,0x00000000ebd00000,0x00000000ebe00000)
 ParOldGen       total 152576K, used 146113K [0x00000000c0000000, 0x00000000c9500000, 0x00000000eab00000)
  object space 152576K, 95% used [0x00000000c0000000,0x00000000c8eb0468,0x00000000c9500000)
 Metaspace       used 71963K, capacity 75405K, committed 75480K, reserved 1116160K
  class space    used 7173K, capacity 8425K, committed 8448K, reserved 1048576K
}
Event: 459.845 GC heap before
{Heap before GC invocations=739 (full 28):
 PSYoungGen      total 18944K, used 496K [0x00000000eab00000, 0x00000000ec000000, 0x0000000100000000)
  eden space 18432K, 0% used [0x00000000eab00000,0x00000000eab00000,0x00000000ebd00000)
  from space 512K, 97% used [0x00000000ebf80000,0x00000000ebffc388,0x00000000ec000000)
  to   space 1024K, 0% used [0x00000000ebd00000,0x00000000ebd00000,0x00000000ebe00000)
 ParOldGen       total 152576K, used 146113K [0x00000000c0000000, 0x00000000c9500000, 0x00000000eab00000)
  object space 152576K, 95% used [0x00000000c0000000,0x00000000c8eb0468,0x00000000c9500000)
 Metaspace       used 71963K, capacity 75405K, committed 75480K, reserved 1116160K
  class space    used 7173K, capacity 8425K, committed 8448K, reserved 1048576K
}
Event: 460.346 GC heap after
{Heap after GC invocations=739 (full 28):
 PSYoungGen      total 19456K, used 0K [0x00000000eab00000, 0x00000000ec000000, 0x0000000100000000)
  eden space 18432K, 0% used [0x00000000eab00000,0x00000000eab00000,0x00000000ebd00000)
  from space 1024K, 0% used [0x00000000ebd00000,0x00000000ebd00000,0x00000000ebe00000)
  to   space 512K, 0% used [0x00000000ebf80000,0x00000000ebf80000,0x00000000ec000000)
 ParOldGen       total 161280K, used 122996K [0x00000000c0000000, 0x00000000c9d80000, 0x00000000eab00000)
  object space 161280K, 76% used [0x00000000c0000000,0x00000000c781d2a8,0x00000000c9d80000)
 Metaspace       used 71963K, capacity 75405K, committed 75480K, reserved 1116160K
  class space    used 7173K, capacity 8425K, committed 8448K, reserved 1048576K
}
Event: 461.039 GC heap before
{Heap before GC invocations=740 (full 28):
 PSYoungGen      total 19456K, used 18432K [0x00000000eab00000, 0x00000000ec000000, 0x0000000100000000)
  eden space 18432K, 100% used [0x00000000eab00000,0x00000000ebd00000,0x00000000ebd00000)
  from space 1024K, 0% used [0x00000000ebd00000,0x00000000ebd00000,0x00000000ebe00000)
  to   space 512K, 0% used [0x00000000ebf80000,0x00000000ebf80000,0x00000000ec000000)
 ParOldGen       total 161280K, used 122996K [0x00000000c0000000, 0x00000000c9d80000, 0x00000000eab00000)
  object space 161280K, 76% used [0x00000000c0000000,0x00000000c781d2a8,0x00000000c9d80000)
 Metaspace       used 72023K, capacity 75469K, committed 75736K, reserved 1116160K
  class space    used 7173K, capacity 8425K, committed 8448K, reserved 1048576K
}
Event: 461.052 GC heap after
{Heap after GC invocations=740 (full 28):
 PSYoungGen      total 18944K, used 512K [0x00000000eab00000, 0x00000000ec000000, 0x0000000100000000)
  eden space 18432K, 0% used [0x00000000eab00000,0x00000000eab00000,0x00000000ebd00000)
  from space 512K, 100% used [0x00000000ebf80000,0x00000000ec000000,0x00000000ec000000)
  to   space 1024K, 0% used [0x00000000ebd00000,0x00000000ebd00000,0x00000000ebe00000)
 ParOldGen       total 161280K, used 130530K [0x00000000c0000000, 0x00000000c9d80000, 0x00000000eab00000)
  object space 161280K, 80% used [0x00000000c0000000,0x00000000c7f78b98,0x00000000c9d80000)
 Metaspace       used 72023K, capacity 75469K, committed 75736K, reserved 1116160K
  class space    used 7173K, capacity 8425K, committed 8448K, reserved 1048576K
}
Event: 461.710 GC heap before
{Heap before GC invocations=741 (full 28):
 PSYoungGen      total 18944K, used 18944K [0x00000000eab00000, 0x00000000ec000000, 0x0000000100000000)
  eden space 18432K, 100% used [0x00000000eab00000,0x00000000ebd00000,0x00000000ebd00000)
  from space 512K, 100% used [0x00000000ebf80000,0x00000000ec000000,0x00000000ec000000)
  to   space 1024K, 0% used [0x00000000ebd00000,0x00000000ebd00000,0x00000000ebe00000)
 ParOldGen       total 161280K, used 130530K [0x00000000c0000000, 0x00000000c9d80000, 0x00000000eab00000)
  object space 161280K, 80% used [0x00000000c0000000,0x00000000c7f78b98,0x00000000c9d80000)
 Metaspace       used 72206K, capacity 75684K, committed 75736K, reserved 1116160K
  class space    used 7175K, capacity 8429K, committed 8448K, reserved 1048576K
}
Event: 461.721 GC heap after
{Heap after GC invocations=741 (full 28):
 PSYoungGen      total 19456K, used 1024K [0x00000000eab00000, 0x00000000ecb00000, 0x0000000100000000)
  eden space 18432K, 0% used [0x00000000eab00000,0x00000000eab00000,0x00000000ebd00000)
  from space 1024K, 100% used [0x00000000ebd00000,0x00000000ebe00000,0x00000000ebe00000)
  to   space 7168K, 0% used [0x00000000ec400000,0x00000000ec400000,0x00000000ecb00000)
 ParOldGen       total 161280K, used 135436K [0x00000000c0000000, 0x00000000c9d80000, 0x00000000eab00000)
  object space 161280K, 83% used [0x00000000c0000000,0x00000000c8443358,0x00000000c9d80000)
 Metaspace       used 72206K, capacity 75684K, committed 75736K, reserved 1116160K
  class space    used 7175K, capacity 8429K, committed 8448K, reserved 1048576K
}
Event: 461.848 GC heap before
{Heap before GC invocations=742 (full 28):
 PSYoungGen      total 19456K, used 4039K [0x00000000eab00000, 0x00000000ecb00000, 0x0000000100000000)
  eden space 18432K, 16% used [0x00000000eab00000,0x00000000eadf1e70,0x00000000ebd00000)
  from space 1024K, 100% used [0x00000000ebd00000,0x00000000ebe00000,0x00000000ebe00000)
  to   space 7168K, 0% used [0x00000000ec400000,0x00000000ec400000,0x00000000ecb00000)
 ParOldGen       total 161280K, used 135436K [0x00000000c0000000, 0x00000000c9d80000, 0x00000000eab00000)
  object space 161280K, 83% used [0x00000000c0000000,0x00000000c8443358,0x00000000c9d80000)
 Metaspace       used 72255K, capacity 75685K, committed 75736K, reserved 1122304K
  class space    used 7175K, capacity 8429K, committed 8448K, reserved 1048576K
}

